<?xml version="1.0" encoding="UTF-8"?>
<!-- Generated by org.testng.reporters.JUnitReportReporter -->
<testsuite hostname="LAPTOP-D5GR2465" name="Selenium.Practice.TestNG" tests="1" failures="0" timestamp="30 Jun 2019 10:27:25 GMT" time="30.457" errors="0">
  <testcase name="Main" time="30.457" classname="Selenium.Practice.TestNG"/>
</testsuite> <!-- Selenium.Practice.TestNG -->
